<?xml version="1.0" encoding="UTF-8"?>
<!-- Generated by org.testng.reporters.JUnitXMLReporter -->
<testsuite ignored="0" hostname="DESKTOP-LPJ0J81" failures="1" tests="2" name="Test.2" time="320.305" errors="0" timestamp="2021-12-03T19:43:26 IST">
  <testcase classname="Mavenfinal.TestPractisepage" name="Practise1" time="213.98"/>
  <testcase classname="Mavenfinal.TestPractisepage" name="Practise2" time="104.756">
    <failure type="java.lang.AssertionError" message="The following asserts failed:
	The link with textBroken Linkis broken with code404 expected [true] but found [false]">
      <![CDATA[java.lang.AssertionError: The following asserts failed:
The link with textBroken Linkis broken with code404 expected [true] but found [false]
at Mavenfinal.TestPractisepage.Practise2(TestPractisepage.java:135)
at java.base/java.util.ArrayList.forEach(ArrayList.java:1511)
at java.base/java.util.concurrent.FutureTask.run(FutureTask.java:264)
at java.base/java.util.concurrent.ThreadPoolExecutor.runWorker(ThreadPoolExecutor.java:1130)
at java.base/java.util.concurrent.ThreadPoolExecutor$Worker.run(ThreadPoolExecutor.java:630)
at java.base/java.lang.Thread.run(Thread.java:831)
... Removed 20 stack frames]]>
    </failure>
  </testcase> <!-- Practise2 -->
</testsuite> <!-- Test.2 -->
