<?xml version="1.0" encoding="UTF-8"?>
<!-- Generated by org.testng.reporters.JUnitXMLReporter -->
<testsuite hostname="DESKTOP-LPJ0J81" ignored="0" name="Test.2" tests="2" failures="1" timestamp="2021-12-03T19:16:47 IST" time="446.385" errors="0">
  <testcase name="Practise1" time="257.179" classname="Mavenfinal.TestPractisepage"/>
  <testcase name="Practise2" time="188.45" classname="Mavenfinal.TestPractisepage">
    <failure type="java.lang.AssertionError" message="The following asserts failed:
	The link with textAppiumis broken with code403 expected [true] but found [false],
	The link with textBroken Linkis broken with code404 expected [true] but found [false]">
      <![CDATA[java.lang.AssertionError: The following asserts failed:
The link with textAppiumis broken with code403 expected [true] but found [false],
The link with textBroken Linkis broken with code404 expected [true] but found [false]
at Mavenfinal.TestPractisepage.Practise2(TestPractisepage.java:135)
at java.util.ArrayList.forEach(ArrayList.java:1259)
at java.util.concurrent.FutureTask.run(FutureTask.java:266)
at java.util.concurrent.ThreadPoolExecutor.runWorker(ThreadPoolExecutor.java:1149)
at java.util.concurrent.ThreadPoolExecutor$Worker.run(ThreadPoolExecutor.java:624)
at java.lang.Thread.run(Thread.java:748)
... Removed 20 stack frames]]>
    </failure>
  </testcase> <!-- Practise2 -->
</testsuite> <!-- Test.2 -->
