<?xml version="1.0" encoding="UTF-8"?>
<testsuite xmlns:xsi="http://www.w3.org/2001/XMLSchema-instance" xsi:noNamespaceSchemaLocation="https://maven.apache.org/surefire/maven-surefire-plugin/xsd/surefire-test-report.xsd" name="TestSuite" time="456.192" tests="5" errors="0" skipped="0" failures="1">
  <properties>
[...]
</properties>
  <testcase name="FlightTicketbook" classname="Mavenfinal.TestFlighttcketbooking" time="230.146"/>
  <testcase name="Practise1" classname="Mavenfinal.TestPractisepage" time="257.14"/>
  <testcase name="Registration" classname="Mavenfinal.TestRegistration" time="32.732"/>
  <testcase name="Validatelogin" classname="Mavenfinal.TestLogin" time="32.854"/>
  <testcase name="Practise2" classname="Mavenfinal.TestPractisepage" time="188.593">
    <failure message="The following asserts failed:&#10;	The link with textAppiumis broken with code403 expected [true] but found [false],&#10;	The link with textBroken Linkis broken with code404 expected [true] but found [false]" type="java.lang.AssertionError">java.lang.AssertionError: 
The following asserts failed:
	The link with textAppiumis broken with code403 expected [true] but found [false],
	The link with textBroken Linkis broken with code404 expected [true] but found [false]
	at Mavenfinal.TestPractisepage.Practise2(TestPractisepage.java:135)
</failure>
    <system-out><![CDATA[true
AN ACADEMY TO LEARN EVERYTHING ABOUT TESTING
Hello Raja siripireddy, share this practice page and share your knowledge
Hello , Are you sure you want to confirm?
9
296
11
3
Rahul Shetty
Learn SQL in Practical + Database Testing from Scratch
25
301
200
403
200
404
200
200
200
200
200
200
200
200
200
200
200
]]></system-out>
    <system-err><![CDATA[Dec 03, 2021 7:14:11 PM org.openqa.selenium.remote.ProtocolHandshake createSession
INFO: Detected dialect: W3C
Dec 03, 2021 7:14:11 PM org.openqa.selenium.devtools.CdpVersionFinder findNearestMatch
INFO: Found exact CDP implementation for version 96
]]></system-err>
  </testcase>
</testsuite>